Build started 9/27/2014 6:34:52 PM.
     1>Project "C:\Users\Boston\Documents\CSCI 420\assign2\assign2\assign2.vcxproj" on node 2 (Build target(s)).
     1>ClCompile:
         C:\Program Files (x86)\Microsoft Visual Studio 12.0\VC\bin\CL.exe /c /I"glut-3.7.6-bin" /IpicLibrary /ZI /nologo /W3 /WX- /Od /Oy- /D WIN32 /D _DEBUG /D _CONSOLE /D _MBCS /Gm /EHsc /RTC1 /MDd /GS /fp:precise /Zc:wchar_t /Zc:forScope /Fo"Debug\\" /Fd"Debug\vc120.pdb" /Gd /TP /analyze- /errorReport:prompt assign2.cpp
         assign2.cpp
     1>c:\users\boston\documents\csci 420\assign2\assign2\assign2.cpp(64): warning C4996: 'fopen': This function or variable may be unsafe. Consider using fopen_s instead. To disable deprecation, use _CRT_SECURE_NO_WARNINGS. See online help for details.
                 c:\program files (x86)\microsoft visual studio 12.0\vc\include\stdio.h(211) : see declaration of 'fopen'
     1>c:\users\boston\documents\csci 420\assign2\assign2\assign2.cpp(71): warning C4996: 'fscanf': This function or variable may be unsafe. Consider using fscanf_s instead. To disable deprecation, use _CRT_SECURE_NO_WARNINGS. See online help for details.
                 c:\program files (x86)\microsoft visual studio 12.0\vc\include\stdio.h(230) : see declaration of 'fscanf'
     1>c:\users\boston\documents\csci 420\assign2\assign2\assign2.cpp(78): warning C4996: 'fscanf': This function or variable may be unsafe. Consider using fscanf_s instead. To disable deprecation, use _CRT_SECURE_NO_WARNINGS. See online help for details.
                 c:\program files (x86)\microsoft visual studio 12.0\vc\include\stdio.h(230) : see declaration of 'fscanf'
     1>c:\users\boston\documents\csci 420\assign2\assign2\assign2.cpp(79): warning C4996: 'fopen': This function or variable may be unsafe. Consider using fopen_s instead. To disable deprecation, use _CRT_SECURE_NO_WARNINGS. See online help for details.
                 c:\program files (x86)\microsoft visual studio 12.0\vc\include\stdio.h(211) : see declaration of 'fopen'
     1>c:\users\boston\documents\csci 420\assign2\assign2\assign2.cpp(87): warning C4996: 'fscanf': This function or variable may be unsafe. Consider using fscanf_s instead. To disable deprecation, use _CRT_SECURE_NO_WARNINGS. See online help for details.
                 c:\program files (x86)\microsoft visual studio 12.0\vc\include\stdio.h(230) : see declaration of 'fscanf'
     1>c:\users\boston\documents\csci 420\assign2\assign2\assign2.cpp(97): warning C4996: 'fscanf': This function or variable may be unsafe. Consider using fscanf_s instead. To disable deprecation, use _CRT_SECURE_NO_WARNINGS. See online help for details.
                 c:\program files (x86)\microsoft visual studio 12.0\vc\include\stdio.h(230) : see declaration of 'fscanf'
       Link:
         C:\Program Files (x86)\Microsoft Visual Studio 12.0\VC\bin\link.exe /ERRORREPORT:PROMPT /OUT:"C:\Users\Boston\Documents\CSCI 420\assign2\Debug\assign2.exe" /INCREMENTAL /NOLOGO /LIBPATH:"glut-3.7.6-bin" /LIBPATH:picLibrary libjpeg.lib libtiff.lib picLibrary.lib kernel32.lib user32.lib gdi32.lib winspool.lib comdlg32.lib advapi32.lib shell32.lib ole32.lib oleaut32.lib uuid.lib odbc32.lib odbccp32.lib /MANIFEST /MANIFESTUAC:"level='asInvoker' uiAccess='false'" /manifest:embed /DEBUG /PDB:"C:\Users\Boston\Documents\CSCI 420\assign2\Debug\assign2.pdb" /SUBSYSTEM:CONSOLE /TLBID:1 /DYNAMICBASE /NXCOMPAT /IMPLIB:"C:\Users\Boston\Documents\CSCI 420\assign2\Debug\assign2.lib" /MACHINE:X86 Debug\assign2.obj
         Debug\stdafx.obj
         assign2.vcxproj -> C:\Users\Boston\Documents\CSCI 420\assign2\Debug\assign2.exe
     1>Done Building Project "C:\Users\Boston\Documents\CSCI 420\assign2\assign2\assign2.vcxproj" (Build target(s)).

Build succeeded.

Time Elapsed 00:00:01.13
